<?xml version="1.0" encoding="UTF-8"?>
<testng-results skipped="0" failed="0" total="1" passed="1">
  <reporter-output>
  </reporter-output>
  <suite name="Default suite" duration-ms="5900" started-at="2018-11-28T14:21:33Z" finished-at="2018-11-28T14:21:39Z">
    <groups>
    </groups>
    <test name="Default test" duration-ms="5900" started-at="2018-11-28T14:21:33Z" finished-at="2018-11-28T14:21:39Z">
      <class name="objRepPractice.ObjProp">
        <test-method status="PASS" signature="mytest()[pri:0, instance:objRepPractice.ObjProp@1e0a01f]" name="mytest" duration-ms="5899" started-at="2018-11-28T19:51:33Z" finished-at="2018-11-28T19:51:39Z">
          <reporter-output>
          </reporter-output>
        </test-method> <!-- mytest -->
      </class> <!-- objRepPractice.ObjProp -->
    </test> <!-- Default test -->
  </suite> <!-- Default suite -->
</testng-results>
